C:\USERS\MRZHANG\DOCUMENTS\VISUAL STUDIO 2010\PROJECTS\DATA-STRUCTURE-BASIS\DATA-STRUCTURE-BASIS\DEBUG\ARRAY.OBJ
C:\Users\mrzhang\documents\visual studio 2010\Projects\data-structure-basis\data-structure-basis\Debug\cl.command.1.tlog
C:\Users\mrzhang\documents\visual studio 2010\Projects\data-structure-basis\data-structure-basis\Debug\CL.read.1.tlog
C:\Users\mrzhang\documents\visual studio 2010\Projects\data-structure-basis\data-structure-basis\Debug\CL.write.1.tlog
C:\USERS\MRZHANG\DOCUMENTS\VISUAL STUDIO 2010\PROJECTS\DATA-STRUCTURE-BASIS\DATA-STRUCTURE-BASIS\DEBUG\DATA-STRUCTURE-BASIS.EXE.EMBED.MANIFEST
C:\USERS\MRZHANG\DOCUMENTS\VISUAL STUDIO 2010\PROJECTS\DATA-STRUCTURE-BASIS\DATA-STRUCTURE-BASIS\DEBUG\DATA-STRUCTURE-BASIS.EXE.EMBED.MANIFEST.RES
C:\USERS\MRZHANG\DOCUMENTS\VISUAL STUDIO 2010\PROJECTS\DATA-STRUCTURE-BASIS\DATA-STRUCTURE-BASIS\DEBUG\DATA-STRUCTURE-BASIS.EXE.INTERMEDIATE.MANIFEST
C:\Users\mrzhang\documents\visual studio 2010\Projects\data-structure-basis\data-structure-basis\Debug\data-structure-basis.write.1.tlog
C:\Users\mrzhang\documents\visual studio 2010\Projects\data-structure-basis\data-structure-basis\Debug\data-structure-basis_manifest.rc
C:\USERS\MRZHANG\DOCUMENTS\VISUAL STUDIO 2010\PROJECTS\DATA-STRUCTURE-BASIS\DATA-STRUCTURE-BASIS\DEBUG\DYNAMIC-ARRAY.OBJ
C:\Users\mrzhang\documents\visual studio 2010\Projects\data-structure-basis\data-structure-basis\Debug\link.4696.read.1.tlog
C:\Users\mrzhang\documents\visual studio 2010\Projects\data-structure-basis\data-structure-basis\Debug\link.4696.write.1.tlog
C:\Users\mrzhang\documents\visual studio 2010\Projects\data-structure-basis\data-structure-basis\Debug\link.4696-cvtres.read.1.tlog
C:\Users\mrzhang\documents\visual studio 2010\Projects\data-structure-basis\data-structure-basis\Debug\link.4696-cvtres.write.1.tlog
C:\Users\mrzhang\documents\visual studio 2010\Projects\data-structure-basis\data-structure-basis\Debug\link.command.1.tlog
C:\Users\mrzhang\documents\visual studio 2010\Projects\data-structure-basis\data-structure-basis\Debug\link.read.1.tlog
C:\Users\mrzhang\documents\visual studio 2010\Projects\data-structure-basis\data-structure-basis\Debug\link.write.1.tlog
C:\Users\mrzhang\documents\visual studio 2010\Projects\data-structure-basis\data-structure-basis\Debug\link-cvtres.read.1.tlog
C:\Users\mrzhang\documents\visual studio 2010\Projects\data-structure-basis\data-structure-basis\Debug\link-cvtres.write.1.tlog
C:\Users\mrzhang\documents\visual studio 2010\Projects\data-structure-basis\data-structure-basis\Debug\mt.command.1.tlog
C:\Users\mrzhang\documents\visual studio 2010\Projects\data-structure-basis\data-structure-basis\Debug\mt.read.1.tlog
C:\Users\mrzhang\documents\visual studio 2010\Projects\data-structure-basis\data-structure-basis\Debug\mt.write.1.tlog
C:\Users\mrzhang\documents\visual studio 2010\Projects\data-structure-basis\data-structure-basis\Debug\rc.command.1.tlog
C:\Users\mrzhang\documents\visual studio 2010\Projects\data-structure-basis\data-structure-basis\Debug\rc.read.1.tlog
C:\Users\mrzhang\documents\visual studio 2010\Projects\data-structure-basis\data-structure-basis\Debug\rc.write.1.tlog
C:\Users\mrzhang\documents\visual studio 2010\Projects\data-structure-basis\data-structure-basis\Debug\vc100.idb
C:\USERS\MRZHANG\DOCUMENTS\VISUAL STUDIO 2010\PROJECTS\DATA-STRUCTURE-BASIS\DATA-STRUCTURE-BASIS\DEBUG\VC100.PDB
C:\USERS\MRZHANG\DOCUMENTS\VISUAL STUDIO 2010\PROJECTS\DATA-STRUCTURE-BASIS\DEBUG\DATA-STRUCTURE-BASIS.EXE
C:\USERS\MRZHANG\DOCUMENTS\VISUAL STUDIO 2010\PROJECTS\DATA-STRUCTURE-BASIS\DEBUG\DATA-STRUCTURE-BASIS.ILK
C:\USERS\MRZHANG\DOCUMENTS\VISUAL STUDIO 2010\PROJECTS\DATA-STRUCTURE-BASIS\DEBUG\DATA-STRUCTURE-BASIS.PDB
