生成启动时间为 2020/4/16 18:49:34。
     1>项目“C:\Users\mrzhang\documents\visual studio 2010\Projects\data-structure-basis\data-structure-basis\data-structure-basis.vcxproj”在节点 2 上(build 个目标)。
     1>InitializeBuildStatus:
         正在创建“Debug\data-structure-basis.unsuccessfulbuild”，因为已指定“AlwaysCreate”。
       ClCompile:
         C:\Program Files (x86)\Microsoft Visual Studio 10.0\VC\bin\CL.exe /c /ZI /nologo /W3 /WX- /Od /Oy- /D WIN32 /D _DEBUG /D _CONSOLE /D _UNICODE /D UNICODE /Gm /EHsc /RTC1 /MDd /GS /fp:precise /Zc:wchar_t /Zc:forScope /Fo"Debug\\" /Fd"Debug\vc100.pdb" /Gd /TC /analyze- /errorReport:prompt "dynamic-array.c"
         dynamic-array.c
       ManifestResourceCompile:
         所有输出均为最新。
       Link:
         C:\Program Files (x86)\Microsoft Visual Studio 10.0\VC\bin\link.exe /ERRORREPORT:PROMPT /OUT:"C:\Users\mrzhang\documents\visual studio 2010\Projects\data-structure-basis\Debug\data-structure-basis.exe" /INCREMENTAL /NOLOGO kernel32.lib user32.lib gdi32.lib winspool.lib comdlg32.lib advapi32.lib shell32.lib ole32.lib oleaut32.lib uuid.lib odbc32.lib odbccp32.lib /MANIFEST /ManifestFile:"Debug\data-structure-basis.exe.intermediate.manifest" /MANIFESTUAC:"level='asInvoker' uiAccess='false'" /DEBUG /PDB:"C:\Users\mrzhang\documents\visual studio 2010\Projects\data-structure-basis\Debug\data-structure-basis.pdb" /SUBSYSTEM:CONSOLE /TLBID:1 /DYNAMICBASE /NXCOMPAT /IMPLIB:"C:\Users\mrzhang\documents\visual studio 2010\Projects\data-structure-basis\Debug\data-structure-basis.lib" /MACHINE:X86 "Debug\data-structure-basis.exe.embed.manifest.res"
         Debug\array.obj
         "Debug\dynamic-array.obj"
       Manifest:
         C:\Program Files (x86)\Microsoft SDKs\Windows\v7.0A\bin\mt.exe /nologo /verbose /out:"Debug\data-structure-basis.exe.embed.manifest" /manifest "Debug\data-structure-basis.exe.intermediate.manifest"
         所有输出均为最新。
       LinkEmbedManifest:
         所有输出均为最新。
         data-structure-basis.vcxproj -> C:\Users\mrzhang\documents\visual studio 2010\Projects\data-structure-basis\Debug\data-structure-basis.exe
       FinalizeBuildStatus:
         正在删除文件“Debug\data-structure-basis.unsuccessfulbuild”。
         正在对“Debug\data-structure-basis.lastbuildstate”执行 Touch 任务。
     1>已完成生成项目“C:\Users\mrzhang\documents\visual studio 2010\Projects\data-structure-basis\data-structure-basis\data-structure-basis.vcxproj”(build 个目标)的操作。

生成成功。

已用时间 00:00:00.51
